<?xml version="1.0" encoding="utf-8"?><testsuites name="pytest tests"><testsuite name="pytest" errors="0" failures="0" skipped="0" tests="16" time="8.233" timestamp="2026-07-20T11:57:07.805714+00:00" hostname="agent-env-ae7da174-3507-40d5-b605-81b86730c443"><testcase classname="backend.tests.test_chat.TestChatAI" name="test_ai_send_and_persist" time="6.120" /><testcase classname="backend.tests.test_chat.TestChatAI" name="test_ai_history_returns_persisted" time="0.151" /><testcase classname="backend.tests.test_chat.TestChatAI" name="test_ai_empty_message_400" time="0.136" /><testcase classname="backend.tests.test_chat.TestChatAI" name="test_ai_requires_auth" time="0.110" /><testcase classname="backend.tests.test_chat.TestSupportChat" name="test_customer_send_support" time="0.098" /><testcase classname="backend.tests.test_chat.TestSupportChat" name="test_customer_my_history" time="0.137" /><testcase classname="backend.tests.test_chat.TestSupportChat" name="test_admin_my_forbidden" time="0.432" /><testcase classname="backend.tests.test_chat.TestSupportChat" name="test_admin_needs_user_id" time="0.098" /><testcase classname="backend.tests.test_chat.TestSupportChat" name="test_admin_invalid_user_id_404" time="0.099" /><testcase classname="backend.tests.test_chat.TestSupportChat" name="test_admin_reply_to_customer" time="0.099" /><testcase classname="backend.tests.test_chat.TestSupportChat" name="test_customer_sees_admin_reply" time="0.100" /><testcase classname="backend.tests.test_chat.TestSupportChat" name="test_admin_conversations_list" time="0.146" /><testcase classname="backend.tests.test_chat.TestSupportChat" name="test_admin_conversation_detail" time="0.104" /><testcase classname="backend.tests.test_chat.TestSupportChat" name="test_customer_forbidden_conversations" time="0.097" /><testcase classname="backend.tests.test_chat.TestSupportChat" name="test_customer_forbidden_conversation_detail" time="0.135" /><testcase classname="backend.tests.test_chat.TestSupportChat" name="test_empty_text_400" time="0.101" /></testsuite></testsuites>