<?xml version="1.0" encoding="utf-8"?><testsuites name="pytest tests"><testsuite name="pytest" errors="0" failures="0" skipped="0" tests="20" time="2.817" timestamp="2026-07-20T11:43:35.529691+00:00" hostname="agent-env-ae7da174-3507-40d5-b605-81b86730c443"><testcase classname="backend.tests.test_tpt_backend" name="test_root" time="0.282" /><testcase classname="backend.tests.test_tpt_backend.TestAuth" name="test_register_duplicate_returns_400" time="0.336" /><testcase classname="backend.tests.test_tpt_backend.TestAuth" name="test_login_customer_success" time="0.278" /><testcase classname="backend.tests.test_tpt_backend.TestAuth" name="test_login_wrong_password_returns_401" time="0.276" /><testcase classname="backend.tests.test_tpt_backend.TestAuth" name="test_login_admin_success" time="0.279" /><testcase classname="backend.tests.test_tpt_backend.TestAuth" name="test_me_with_jwt" time="0.061" /><testcase classname="backend.tests.test_tpt_backend.TestAuth" name="test_me_no_token_returns_401" time="0.160" /><testcase classname="backend.tests.test_tpt_backend.TestMenu" name="test_menu_public_returns_8_items" time="0.052" /><testcase classname="backend.tests.test_tpt_backend.TestMenu" name="test_menu_item_by_id" time="0.101" /><testcase classname="backend.tests.test_tpt_backend.TestMenu" name="test_menu_item_not_found" time="0.052" /><testcase classname="backend.tests.test_tpt_backend.TestOrders" name="test_create_order_and_verify_my_orders" time="0.162" /><testcase classname="backend.tests.test_tpt_backend.TestOrders" name="test_create_order_without_auth_returns_401" time="0.125" /><testcase classname="backend.tests.test_tpt_backend.TestAdmin" name="test_admin_stats" time="0.056" /><testcase classname="backend.tests.test_tpt_backend.TestAdmin" name="test_admin_customers" time="0.053" /><testcase classname="backend.tests.test_tpt_backend.TestAdmin" name="test_admin_orders_and_update_status" time="0.173" /><testcase classname="backend.tests.test_tpt_backend.TestAdmin" name="test_admin_update_invalid_status" time="0.099" /><testcase classname="backend.tests.test_tpt_backend.TestAdmin" name="test_admin_update_missing_order" time="0.050" /><testcase classname="backend.tests.test_tpt_backend.TestAdmin" name="test_non_admin_forbidden_stats" time="0.049" /><testcase classname="backend.tests.test_tpt_backend.TestAdmin" name="test_non_admin_forbidden_customers" time="0.048" /><testcase classname="backend.tests.test_tpt_backend.TestAdmin" name="test_non_admin_forbidden_orders" time="0.048" /></testsuite></testsuites>